The target system is: Generic -  - cortex-m0plus
The host system is: Linux - 6.10.14-linuxkit - aarch64
Compiling the C compiler identification source file "CMakeCCompilerId.c" succeeded.
Compiler: /home/dev/gcc-arm-none-eabi-10.3-2021.10/bin/arm-none-eabi-gcc 
Build flags: -mcpu=cortex-m0plus;-mthumb;-ffunction-sections;-fdata-sections;-specs=nano.specs;-g;-O2;-Wall;-Wunused-variable;-Wuninitialized;-Wshadow;-Wdouble-promotion;-fstack-protector;-Wunused-function;-Wno-unused-parameter;-funsigned-char;-fdata-sections;-ffunction-sections;-fno-strict-aliasing;-fno-builtin;-fno-common;-fdebug-prefix-map=/home/app=.;-std=c11
Id flags: -c 

The output was:
0


Compilation of the C compiler identification source "CMakeCCompilerId.c" produced "CMakeCCompilerId.o"

The C compiler identification is GNU, found in "/home/app/build/release/CMakeFiles/3.16.3/CompilerIdC/CMakeCCompilerId.o"

Checking whether the ASM compiler is GNU using "--version" matched "(GNU assembler)|(GCC)|(Free Software Foundation)":
arm-none-eabi-gcc (GNU Arm Embedded Toolchain 10.3-2021.10) 10.3.1 20210824 (release)
Copyright (C) 2020 Free Software Foundation, Inc.
This is free software; see the source for copying conditions.  There is NO
warranty; not even for MERCHANTABILITY or FITNESS FOR A PARTICULAR PURPOSE.

Determining if the C compiler works passed with the following output:
Change Dir: /home/app/build/release/CMakeFiles/CMakeTmp

Run Build Command(s):/usr/bin/ninja cmTC_8f743 && [1/2] Building C object CMakeFiles/cmTC_8f743.dir/testCCompiler.c.obj
[2/2] Linking C static library libcmTC_8f743.a



Detecting C compiler ABI info compiled with the following output:
Change Dir: /home/app/build/release/CMakeFiles/CMakeTmp

Run Build Command(s):/usr/bin/ninja cmTC_77587 && [1/2] Building C object CMakeFiles/cmTC_77587.dir/CMakeCCompilerABI.c.obj
Using built-in specs.
Reading specs from /home/dev/gcc-arm-none-eabi-10.3-2021.10/bin/../lib/gcc/arm-none-eabi/10.3.1/../../../../arm-none-eabi/lib/nano.specs
rename spec link to nano_link
rename spec link_gcc_c_sequence to nano_link_gcc_c_sequence
rename spec cpp_unique_options to nano_cpp_unique_options
COLLECT_GCC=/home/dev/gcc-arm-none-eabi-10.3-2021.10/bin/arm-none-eabi-gcc
Target: arm-none-eabi
Configured with: /mnt/work/jenkins_slave/workspace/GCC-10-pipeline/jenkins-GCC-10-pipeline-338_20211018_1634516202/src/gcc/configure --target=arm-none-eabi --prefix=/mnt/work/jenkins_slave/workspace/GCC-10-pipeline/jenkins-GCC-10-pipeline-338_20211018_1634516202/install-native --libexecdir=/mnt/work/jenkins_slave/workspace/GCC-10-pipeline/jenkins-GCC-10-pipeline-338_20211018_1634516202/install-native/lib --infodir=/mnt/work/jenkins_slave/workspace/GCC-10-pipeline/jenkins-GCC-10-pipeline-338_20211018_1634516202/install-native/share/doc/gcc-arm-none-eabi/info --mandir=/mnt/work/jenkins_slave/workspace/GCC-10-pipeline/jenkins-GCC-10-pipeline-338_20211018_1634516202/install-native/share/doc/gcc-arm-none-eabi/man --htmldir=/mnt/work/jenkins_slave/workspace/GCC-10-pipeline/jenkins-GCC-10-pipeline-338_20211018_1634516202/install-native/share/doc/gcc-arm-none-eabi/html --pdfdir=/mnt/work/jenkins_slave/workspace/GCC-10-pipeline/jenkins-GCC-10-pipeline-338_20211018_1634516202/install-native/share/doc/gcc-arm-none-eabi/pdf --enable-languages=c,c++ --enable-plugins --disable-decimal-float --disable-libffi --disable-libgomp --disable-libmudflap --disable-libquadmath --disable-libssp --disable-libstdcxx-pch --disable-nls --disable-shared --disable-threads --disable-tls --with-gnu-as --with-gnu-ld --with-newlib --with-headers=yes --with-python-dir=share/gcc-arm-none-eabi --with-sysroot=/mnt/work/jenkins_slave/workspace/GCC-10-pipeline/jenkins-GCC-10-pipeline-338_20211018_1634516202/install-native/arm-none-eabi --build=aarch64-linux-gnu --host=aarch64-linux-gnu --with-gmp=/mnt/work/jenkins_slave/workspace/GCC-10-pipeline/jenkins-GCC-10-pipeline-338_20211018_1634516202/build-native/host-libs/usr --with-mpfr=/mnt/work/jenkins_slave/workspace/GCC-10-pipeline/jenkins-GCC-10-pipeline-338_20211018_1634516202/build-native/host-libs/usr --with-mpc=/mnt/work/jenkins_slave/workspace/GCC-10-pipeline/jenkins-GCC-10-pipeline-338_20211018_1634516202/build-native/host-libs/usr --with-isl=/mnt/work/jenkins_slave/workspace/GCC-10-pipeline/jenkins-GCC-10-pipeline-338_20211018_1634516202/build-native/host-libs/usr --with-libelf=/mnt/work/jenkins_slave/workspace/GCC-10-pipeline/jenkins-GCC-10-pipeline-338_20211018_1634516202/build-native/host-libs/usr --with-host-libstdcxx='-static-libgcc -Wl,-Bstatic,-lstdc++,-Bdynamic -lm' --with-pkgversion='GNU Arm Embedded Toolchain 10.3-2021.10' --with-multilib-list=rmprofile,aprofile
Thread model: single
Supported LTO compression algorithms: zlib
gcc version 10.3.1 20210824 (release) (GNU Arm Embedded Toolchain 10.3-2021.10) 
COLLECT_GCC_OPTIONS='-mcpu=cortex-m0plus' '-mthumb' '-specs=nano.specs' '-g' '-O2' '-Wall' '-Wunused-variable' '-Wuninitialized' '-Wshadow' '-Wdouble-promotion' '-fstack-protector' '-Wunused-function' '-Wno-unused-parameter' '-funsigned-char' '-fdata-sections' '-ffunction-sections' '-fno-strict-aliasing' '-fno-builtin' '-fno-common' '-fdebug-prefix-map=/home/app=.' '-std=c11' '-v' '-o' 'CMakeFiles/cmTC_77587.dir/CMakeCCompilerABI.c.obj' '-c' '-mfloat-abi=soft' '-mlibarch=armv6s-m' '-march=armv6s-m'
 /home/dev/gcc-arm-none-eabi-10.3-2021.10/bin/../lib/gcc/arm-none-eabi/10.3.1/cc1 -isystem =/include/newlib-nano -quiet -v -imultilib thumb/v6-m/nofp -iprefix /home/dev/gcc-arm-none-eabi-10.3-2021.10/bin/../lib/gcc/arm-none-eabi/10.3.1/ -isysroot /home/dev/gcc-arm-none-eabi-10.3-2021.10/bin/../arm-none-eabi -D__USES_INITFINI__ /usr/share/cmake-3.16/Modules/CMakeCCompilerABI.c -quiet -dumpbase CMakeCCompilerABI.c -mcpu=cortex-m0plus -mthumb -mfloat-abi=soft -mlibarch=armv6s-m -march=armv6s-m -auxbase-strip CMakeFiles/cmTC_77587.dir/CMakeCCompilerABI.c.obj -g -O2 -Wall -Wunused-variable -Wuninitialized -Wshadow -Wdouble-promotion -Wunused-function -Wno-unused-parameter -std=c11 -version -fstack-protector -funsigned-char -fdata-sections -ffunction-sections -fno-strict-aliasing -fno-builtin -fno-common -fdebug-prefix-map=/home/app=. -o /tmp/ccKt4W9J.s
GNU C11 (GNU Arm Embedded Toolchain 10.3-2021.10) version 10.3.1 20210824 (release) (arm-none-eabi)
	compiled by GNU C version 4.8.4, GMP version 6.1.0, MPFR version 3.1.4, MPC version 1.0.3, isl version isl-0.18-GMP

GGC heuristics: --param ggc-min-expand=100 --param ggc-min-heapsize=131072
ignoring duplicate directory "/home/dev/gcc-arm-none-eabi-10.3-2021.10/bin/../lib/gcc/../../lib/gcc/arm-none-eabi/10.3.1/include"
ignoring nonexistent directory "/home/dev/gcc-arm-none-eabi-10.3-2021.10/bin/../arm-none-eabi/usr/local/include"
ignoring duplicate directory "/home/dev/gcc-arm-none-eabi-10.3-2021.10/bin/../lib/gcc/../../lib/gcc/arm-none-eabi/10.3.1/include-fixed"
ignoring duplicate directory "/home/dev/gcc-arm-none-eabi-10.3-2021.10/bin/../lib/gcc/../../lib/gcc/arm-none-eabi/10.3.1/../../../../arm-none-eabi/include"
ignoring nonexistent directory "/home/dev/gcc-arm-none-eabi-10.3-2021.10/bin/../arm-none-eabi/usr/include"
#include "..." search starts here:
#include <...> search starts here:
 /home/dev/gcc-arm-none-eabi-10.3-2021.10/bin/../arm-none-eabi/include/newlib-nano
 /home/dev/gcc-arm-none-eabi-10.3-2021.10/bin/../lib/gcc/arm-none-eabi/10.3.1/include
 /home/dev/gcc-arm-none-eabi-10.3-2021.10/bin/../lib/gcc/arm-none-eabi/10.3.1/include-fixed
 /home/dev/gcc-arm-none-eabi-10.3-2021.10/bin/../lib/gcc/arm-none-eabi/10.3.1/../../../../arm-none-eabi/include
End of search list.
GNU C11 (GNU Arm Embedded Toolchain 10.3-2021.10) version 10.3.1 20210824 (release) (arm-none-eabi)
	compiled by GNU C version 4.8.4, GMP version 6.1.0, MPFR version 3.1.4, MPC version 1.0.3, isl version isl-0.18-GMP

GGC heuristics: --param ggc-min-expand=100 --param ggc-min-heapsize=131072
Compiler executable checksum: 1b8e6a7ffb918e85ea9e0bd9b007f412
COLLECT_GCC_OPTIONS='-mcpu=cortex-m0plus' '-mthumb' '-specs=nano.specs' '-g' '-O2' '-Wall' '-Wunused-variable' '-Wuninitialized' '-Wshadow' '-Wdouble-promotion' '-fstack-protector' '-Wunused-function' '-Wno-unused-parameter' '-funsigned-char' '-fdata-sections' '-ffunction-sections' '-fno-strict-aliasing' '-fno-builtin' '-fno-common' '-fdebug-prefix-map=/home/app=.' '-std=c11' '-v' '-o' 'CMakeFiles/cmTC_77587.dir/CMakeCCompilerABI.c.obj' '-c' '-mfloat-abi=soft' '-mlibarch=armv6s-m' '-march=armv6s-m'
 /home/dev/gcc-arm-none-eabi-10.3-2021.10/bin/../lib/gcc/arm-none-eabi/10.3.1/../../../../arm-none-eabi/bin/as -v -march=armv6s-m -mfloat-abi=soft -meabi=5 -o CMakeFiles/cmTC_77587.dir/CMakeCCompilerABI.c.obj /tmp/ccKt4W9J.s
GNU assembler version 2.36.1 (arm-none-eabi) using BFD version (GNU Arm Embedded Toolchain 10.3-2021.10) 2.36.1.20210621
COMPILER_PATH=/home/dev/gcc-arm-none-eabi-10.3-2021.10/bin/../lib/gcc/arm-none-eabi/10.3.1/:/home/dev/gcc-arm-none-eabi-10.3-2021.10/bin/../lib/gcc/:/home/dev/gcc-arm-none-eabi-10.3-2021.10/bin/../lib/gcc/arm-none-eabi/10.3.1/../../../../arm-none-eabi/bin/
LIBRARY_PATH=/home/dev/gcc-arm-none-eabi-10.3-2021.10/bin/../lib/gcc/arm-none-eabi/10.3.1/thumb/v6-m/nofp/:/home/dev/gcc-arm-none-eabi-10.3-2021.10/bin/../lib/gcc/arm-none-eabi/10.3.1/../../../../arm-none-eabi/lib/thumb/v6-m/nofp/:/home/dev/gcc-arm-none-eabi-10.3-2021.10/bin/../arm-none-eabi/lib/thumb/v6-m/nofp/:/home/dev/gcc-arm-none-eabi-10.3-2021.10/bin/../lib/gcc/arm-none-eabi/10.3.1/:/home/dev/gcc-arm-none-eabi-10.3-2021.10/bin/../lib/gcc/:/home/dev/gcc-arm-none-eabi-10.3-2021.10/bin/../lib/gcc/arm-none-eabi/10.3.1/../../../../arm-none-eabi/lib/:/home/dev/gcc-arm-none-eabi-10.3-2021.10/bin/../arm-none-eabi/lib/
COLLECT_GCC_OPTIONS='-mcpu=cortex-m0plus' '-mthumb' '-specs=nano.specs' '-g' '-O2' '-Wall' '-Wunused-variable' '-Wuninitialized' '-Wshadow' '-Wdouble-promotion' '-fstack-protector' '-Wunused-function' '-Wno-unused-parameter' '-funsigned-char' '-fdata-sections' '-ffunction-sections' '-fno-strict-aliasing' '-fno-builtin' '-fno-common' '-fdebug-prefix-map=/home/app=.' '-std=c11' '-v' '-o' 'CMakeFiles/cmTC_77587.dir/CMakeCCompilerABI.c.obj' '-c' '-mfloat-abi=soft' '-mlibarch=armv6s-m' '-march=armv6s-m'
[2/2] Linking C static library libcmTC_77587.a



Parsed C implicit include dir info from above output: rv=done
  found start of include info
  found start of implicit include info
    add: [/home/dev/gcc-arm-none-eabi-10.3-2021.10/bin/../arm-none-eabi/include/newlib-nano]
    add: [/home/dev/gcc-arm-none-eabi-10.3-2021.10/bin/../lib/gcc/arm-none-eabi/10.3.1/include]
    add: [/home/dev/gcc-arm-none-eabi-10.3-2021.10/bin/../lib/gcc/arm-none-eabi/10.3.1/include-fixed]
    add: [/home/dev/gcc-arm-none-eabi-10.3-2021.10/bin/../lib/gcc/arm-none-eabi/10.3.1/../../../../arm-none-eabi/include]
  end of search list found
  collapse include dir [/home/dev/gcc-arm-none-eabi-10.3-2021.10/bin/../arm-none-eabi/include/newlib-nano] ==> [/home/dev/gcc-arm-none-eabi-10.3-2021.10/arm-none-eabi/include/newlib-nano]
  collapse include dir [/home/dev/gcc-arm-none-eabi-10.3-2021.10/bin/../lib/gcc/arm-none-eabi/10.3.1/include] ==> [/home/dev/gcc-arm-none-eabi-10.3-2021.10/lib/gcc/arm-none-eabi/10.3.1/include]
  collapse include dir [/home/dev/gcc-arm-none-eabi-10.3-2021.10/bin/../lib/gcc/arm-none-eabi/10.3.1/include-fixed] ==> [/home/dev/gcc-arm-none-eabi-10.3-2021.10/lib/gcc/arm-none-eabi/10.3.1/include-fixed]
  collapse include dir [/home/dev/gcc-arm-none-eabi-10.3-2021.10/bin/../lib/gcc/arm-none-eabi/10.3.1/../../../../arm-none-eabi/include] ==> [/home/dev/gcc-arm-none-eabi-10.3-2021.10/arm-none-eabi/include]
  implicit include dirs: [/home/dev/gcc-arm-none-eabi-10.3-2021.10/arm-none-eabi/include/newlib-nano;/home/dev/gcc-arm-none-eabi-10.3-2021.10/lib/gcc/arm-none-eabi/10.3.1/include;/home/dev/gcc-arm-none-eabi-10.3-2021.10/lib/gcc/arm-none-eabi/10.3.1/include-fixed;/home/dev/gcc-arm-none-eabi-10.3-2021.10/arm-none-eabi/include]


Parsed C implicit link information from above output:
  link line regex: [^( *|.*[/\])(arm-none-eabi-ld|CMAKE_LINK_STARTFILE-NOTFOUND|([^/\]+-)?ld|collect2)[^/\]*( |$)]
  ignore line: [Change Dir: /home/app/build/release/CMakeFiles/CMakeTmp]
  ignore line: []
  ignore line: [Run Build Command(s):/usr/bin/ninja cmTC_77587 && [1/2] Building C object CMakeFiles/cmTC_77587.dir/CMakeCCompilerABI.c.obj]
  ignore line: [Using built-in specs.]
  ignore line: [Reading specs from /home/dev/gcc-arm-none-eabi-10.3-2021.10/bin/../lib/gcc/arm-none-eabi/10.3.1/../../../../arm-none-eabi/lib/nano.specs]
  ignore line: [rename spec link to nano_link]
  ignore line: [rename spec link_gcc_c_sequence to nano_link_gcc_c_sequence]
  ignore line: [rename spec cpp_unique_options to nano_cpp_unique_options]
  ignore line: [COLLECT_GCC=/home/dev/gcc-arm-none-eabi-10.3-2021.10/bin/arm-none-eabi-gcc]
  ignore line: [Target: arm-none-eabi]
  ignore line: [Configured with: /mnt/work/jenkins_slave/workspace/GCC-10-pipeline/jenkins-GCC-10-pipeline-338_20211018_1634516202/src/gcc/configure --target=arm-none-eabi --prefix=/mnt/work/jenkins_slave/workspace/GCC-10-pipeline/jenkins-GCC-10-pipeline-338_20211018_1634516202/install-native --libexecdir=/mnt/work/jenkins_slave/workspace/GCC-10-pipeline/jenkins-GCC-10-pipeline-338_20211018_1634516202/install-native/lib --infodir=/mnt/work/jenkins_slave/workspace/GCC-10-pipeline/jenkins-GCC-10-pipeline-338_20211018_1634516202/install-native/share/doc/gcc-arm-none-eabi/info --mandir=/mnt/work/jenkins_slave/workspace/GCC-10-pipeline/jenkins-GCC-10-pipeline-338_20211018_1634516202/install-native/share/doc/gcc-arm-none-eabi/man --htmldir=/mnt/work/jenkins_slave/workspace/GCC-10-pipeline/jenkins-GCC-10-pipeline-338_20211018_1634516202/install-native/share/doc/gcc-arm-none-eabi/html --pdfdir=/mnt/work/jenkins_slave/workspace/GCC-10-pipeline/jenkins-GCC-10-pipeline-338_20211018_1634516202/install-native/share/doc/gcc-arm-none-eabi/pdf --enable-languages=c,c++ --enable-plugins --disable-decimal-float --disable-libffi --disable-libgomp --disable-libmudflap --disable-libquadmath --disable-libssp --disable-libstdcxx-pch --disable-nls --disable-shared --disable-threads --disable-tls --with-gnu-as --with-gnu-ld --with-newlib --with-headers=yes --with-python-dir=share/gcc-arm-none-eabi --with-sysroot=/mnt/work/jenkins_slave/workspace/GCC-10-pipeline/jenkins-GCC-10-pipeline-338_20211018_1634516202/install-native/arm-none-eabi --build=aarch64-linux-gnu --host=aarch64-linux-gnu --with-gmp=/mnt/work/jenkins_slave/workspace/GCC-10-pipeline/jenkins-GCC-10-pipeline-338_20211018_1634516202/build-native/host-libs/usr --with-mpfr=/mnt/work/jenkins_slave/workspace/GCC-10-pipeline/jenkins-GCC-10-pipeline-338_20211018_1634516202/build-native/host-libs/usr --with-mpc=/mnt/work/jenkins_slave/workspace/GCC-10-pipeline/jenkins-GCC-10-pipeline-338_20211018_1634516202/build-native/host-libs/usr --with-isl=/mnt/work/jenkins_slave/workspace/GCC-10-pipeline/jenkins-GCC-10-pipeline-338_20211018_1634516202/build-native/host-libs/usr --with-libelf=/mnt/work/jenkins_slave/workspace/GCC-10-pipeline/jenkins-GCC-10-pipeline-338_20211018_1634516202/build-native/host-libs/usr --with-host-libstdcxx='-static-libgcc -Wl,-Bstatic,-lstdc++,-Bdynamic -lm' --with-pkgversion='GNU Arm Embedded Toolchain 10.3-2021.10' --with-multilib-list=rmprofile,aprofile]
  ignore line: [Thread model: single]
  ignore line: [Supported LTO compression algorithms: zlib]
  ignore line: [gcc version 10.3.1 20210824 (release) (GNU Arm Embedded Toolchain 10.3-2021.10) ]
  ignore line: [COLLECT_GCC_OPTIONS='-mcpu=cortex-m0plus' '-mthumb' '-specs=nano.specs' '-g' '-O2' '-Wall' '-Wunused-variable' '-Wuninitialized' '-Wshadow' '-Wdouble-promotion' '-fstack-protector' '-Wunused-function' '-Wno-unused-parameter' '-funsigned-char' '-fdata-sections' '-ffunction-sections' '-fno-strict-aliasing' '-fno-builtin' '-fno-common' '-fdebug-prefix-map=/home/app=.' '-std=c11' '-v' '-o' 'CMakeFiles/cmTC_77587.dir/CMakeCCompilerABI.c.obj' '-c' '-mfloat-abi=soft' '-mlibarch=armv6s-m' '-march=armv6s-m']
  ignore line: [ /home/dev/gcc-arm-none-eabi-10.3-2021.10/bin/../lib/gcc/arm-none-eabi/10.3.1/cc1 -isystem =/include/newlib-nano -quiet -v -imultilib thumb/v6-m/nofp -iprefix /home/dev/gcc-arm-none-eabi-10.3-2021.10/bin/../lib/gcc/arm-none-eabi/10.3.1/ -isysroot /home/dev/gcc-arm-none-eabi-10.3-2021.10/bin/../arm-none-eabi -D__USES_INITFINI__ /usr/share/cmake-3.16/Modules/CMakeCCompilerABI.c -quiet -dumpbase CMakeCCompilerABI.c -mcpu=cortex-m0plus -mthumb -mfloat-abi=soft -mlibarch=armv6s-m -march=armv6s-m -auxbase-strip CMakeFiles/cmTC_77587.dir/CMakeCCompilerABI.c.obj -g -O2 -Wall -Wunused-variable -Wuninitialized -Wshadow -Wdouble-promotion -Wunused-function -Wno-unused-parameter -std=c11 -version -fstack-protector -funsigned-char -fdata-sections -ffunction-sections -fno-strict-aliasing -fno-builtin -fno-common -fdebug-prefix-map=/home/app=. -o /tmp/ccKt4W9J.s]
  ignore line: [GNU C11 (GNU Arm Embedded Toolchain 10.3-2021.10) version 10.3.1 20210824 (release) (arm-none-eabi)]
  ignore line: [	compiled by GNU C version 4.8.4  GMP version 6.1.0  MPFR version 3.1.4  MPC version 1.0.3  isl version isl-0.18-GMP]
  ignore line: []
  ignore line: [GGC heuristics: --param ggc-min-expand=100 --param ggc-min-heapsize=131072]
  ignore line: [ignoring duplicate directory "/home/dev/gcc-arm-none-eabi-10.3-2021.10/bin/../lib/gcc/../../lib/gcc/arm-none-eabi/10.3.1/include"]
  ignore line: [ignoring nonexistent directory "/home/dev/gcc-arm-none-eabi-10.3-2021.10/bin/../arm-none-eabi/usr/local/include"]
  ignore line: [ignoring duplicate directory "/home/dev/gcc-arm-none-eabi-10.3-2021.10/bin/../lib/gcc/../../lib/gcc/arm-none-eabi/10.3.1/include-fixed"]
  ignore line: [ignoring duplicate directory "/home/dev/gcc-arm-none-eabi-10.3-2021.10/bin/../lib/gcc/../../lib/gcc/arm-none-eabi/10.3.1/../../../../arm-none-eabi/include"]
  ignore line: [ignoring nonexistent directory "/home/dev/gcc-arm-none-eabi-10.3-2021.10/bin/../arm-none-eabi/usr/include"]
  ignore line: [#include "..." search starts here:]
  ignore line: [#include <...> search starts here:]
  ignore line: [ /home/dev/gcc-arm-none-eabi-10.3-2021.10/bin/../arm-none-eabi/include/newlib-nano]
  ignore line: [ /home/dev/gcc-arm-none-eabi-10.3-2021.10/bin/../lib/gcc/arm-none-eabi/10.3.1/include]
  ignore line: [ /home/dev/gcc-arm-none-eabi-10.3-2021.10/bin/../lib/gcc/arm-none-eabi/10.3.1/include-fixed]
  ignore line: [ /home/dev/gcc-arm-none-eabi-10.3-2021.10/bin/../lib/gcc/arm-none-eabi/10.3.1/../../../../arm-none-eabi/include]
  ignore line: [End of search list.]
  ignore line: [GNU C11 (GNU Arm Embedded Toolchain 10.3-2021.10) version 10.3.1 20210824 (release) (arm-none-eabi)]
  ignore line: [	compiled by GNU C version 4.8.4  GMP version 6.1.0  MPFR version 3.1.4  MPC version 1.0.3  isl version isl-0.18-GMP]
  ignore line: []
  ignore line: [GGC heuristics: --param ggc-min-expand=100 --param ggc-min-heapsize=131072]
  ignore line: [Compiler executable checksum: 1b8e6a7ffb918e85ea9e0bd9b007f412]
  ignore line: [COLLECT_GCC_OPTIONS='-mcpu=cortex-m0plus' '-mthumb' '-specs=nano.specs' '-g' '-O2' '-Wall' '-Wunused-variable' '-Wuninitialized' '-Wshadow' '-Wdouble-promotion' '-fstack-protector' '-Wunused-function' '-Wno-unused-parameter' '-funsigned-char' '-fdata-sections' '-ffunction-sections' '-fno-strict-aliasing' '-fno-builtin' '-fno-common' '-fdebug-prefix-map=/home/app=.' '-std=c11' '-v' '-o' 'CMakeFiles/cmTC_77587.dir/CMakeCCompilerABI.c.obj' '-c' '-mfloat-abi=soft' '-mlibarch=armv6s-m' '-march=armv6s-m']
  ignore line: [ /home/dev/gcc-arm-none-eabi-10.3-2021.10/bin/../lib/gcc/arm-none-eabi/10.3.1/../../../../arm-none-eabi/bin/as -v -march=armv6s-m -mfloat-abi=soft -meabi=5 -o CMakeFiles/cmTC_77587.dir/CMakeCCompilerABI.c.obj /tmp/ccKt4W9J.s]
  ignore line: [GNU assembler version 2.36.1 (arm-none-eabi) using BFD version (GNU Arm Embedded Toolchain 10.3-2021.10) 2.36.1.20210621]
  ignore line: [COMPILER_PATH=/home/dev/gcc-arm-none-eabi-10.3-2021.10/bin/../lib/gcc/arm-none-eabi/10.3.1/:/home/dev/gcc-arm-none-eabi-10.3-2021.10/bin/../lib/gcc/:/home/dev/gcc-arm-none-eabi-10.3-2021.10/bin/../lib/gcc/arm-none-eabi/10.3.1/../../../../arm-none-eabi/bin/]
  ignore line: [LIBRARY_PATH=/home/dev/gcc-arm-none-eabi-10.3-2021.10/bin/../lib/gcc/arm-none-eabi/10.3.1/thumb/v6-m/nofp/:/home/dev/gcc-arm-none-eabi-10.3-2021.10/bin/../lib/gcc/arm-none-eabi/10.3.1/../../../../arm-none-eabi/lib/thumb/v6-m/nofp/:/home/dev/gcc-arm-none-eabi-10.3-2021.10/bin/../arm-none-eabi/lib/thumb/v6-m/nofp/:/home/dev/gcc-arm-none-eabi-10.3-2021.10/bin/../lib/gcc/arm-none-eabi/10.3.1/:/home/dev/gcc-arm-none-eabi-10.3-2021.10/bin/../lib/gcc/:/home/dev/gcc-arm-none-eabi-10.3-2021.10/bin/../lib/gcc/arm-none-eabi/10.3.1/../../../../arm-none-eabi/lib/:/home/dev/gcc-arm-none-eabi-10.3-2021.10/bin/../arm-none-eabi/lib/]
  ignore line: [COLLECT_GCC_OPTIONS='-mcpu=cortex-m0plus' '-mthumb' '-specs=nano.specs' '-g' '-O2' '-Wall' '-Wunused-variable' '-Wuninitialized' '-Wshadow' '-Wdouble-promotion' '-fstack-protector' '-Wunused-function' '-Wno-unused-parameter' '-funsigned-char' '-fdata-sections' '-ffunction-sections' '-fno-strict-aliasing' '-fno-builtin' '-fno-common' '-fdebug-prefix-map=/home/app=.' '-std=c11' '-v' '-o' 'CMakeFiles/cmTC_77587.dir/CMakeCCompilerABI.c.obj' '-c' '-mfloat-abi=soft' '-mlibarch=armv6s-m' '-march=armv6s-m']
  ignore line: [[2/2] Linking C static library libcmTC_77587.a]
  ignore line: []
  ignore line: []
  implicit libs: []
  implicit dirs: []
  implicit fwks: []


